[colorlib.com/polygon/octopus/index.html]
[backblue.gif]
[fade.gif]
[index.html]
[colorlib.com/polygon/octopus/assets/vendor/bootstrap/css/bootstrap.css]
[colorlib.com/polygon/octopus/assets/vendor/font-awesome/css/font-awesome.css]
[colorlib.com/polygon/octopus/assets/vendor/magnific-popup/magnific-popup.css]
[colorlib.com/polygon/octopus/assets/vendor/bootstrap-datepicker/css/datepicker3.css]
[colorlib.com/polygon/octopus/assets/vendor/jquery-ui/css/ui-lightness/jquery-ui-1.10.4.custom.css]
[colorlib.com/polygon/octopus/assets/vendor/bootstrap-multiselect/bootstrap-multiselect.css]
[colorlib.com/polygon/octopus/assets/vendor/morris/morris.css]
[colorlib.com/polygon/octopus/assets/stylesheets/theme.css]
[colorlib.com/polygon/octopus/assets/stylesheets/skins/default.css]
[colorlib.com/polygon/octopus/assets/vendor/modernizr/modernizr.js]
[colorlib.com/polygon/octopus/assets/images/logo.png]
[colorlib.com/polygon/octopus/assets/images/!sample-user.jpg]
[colorlib.com/polygon/octopus/assets/images/!logged-user.jpg]
[colorlib.com/polygon/octopus/pages-user-profile.html]
[colorlib.com/polygon/octopus/pages-signin.html]
[colorlib.com/polygon/octopus/mailbox-folder.html]
[colorlib.com/polygon/octopus/pages-signup.html]
[colorlib.com/polygon/octopus/pages-recover-password.html]
[colorlib.com/polygon/octopus/pages-lock-screen.html]
[colorlib.com/polygon/octopus/pages-session-timeout.html]
[colorlib.com/polygon/octopus/pages-calendar.html]
[colorlib.com/polygon/octopus/pages-timeline.html]
[colorlib.com/polygon/octopus/pages-media-gallery.html]
[colorlib.com/polygon/octopus/pages-invoice.html]
[colorlib.com/polygon/octopus/pages-blank.html]
[colorlib.com/polygon/octopus/pages-404.html]
[colorlib.com/polygon/octopus/pages-500.html]
[colorlib.com/polygon/octopus/pages-log-viewer.html]
[colorlib.com/polygon/octopus/pages-search-results.html]
[colorlib.com/polygon/octopus/ui-elements-typography.html]
[colorlib.com/polygon/octopus/ui-elements-icons.html]
[colorlib.com/polygon/octopus/ui-elements-tabs.html]
[colorlib.com/polygon/octopus/ui-elements-panels.html]
[colorlib.com/polygon/octopus/ui-elements-widgets.html]
[colorlib.com/polygon/octopus/ui-elements-portlets.html]
[colorlib.com/polygon/octopus/ui-elements-buttons.html]
[colorlib.com/polygon/octopus/ui-elements-alerts.html]
[colorlib.com/polygon/octopus/ui-elements-notifications.html]
[colorlib.com/polygon/octopus/ui-elements-modals.html]
[colorlib.com/polygon/octopus/ui-elements-lightbox.html]
[colorlib.com/polygon/octopus/ui-elements-progressbars.html]
[colorlib.com/polygon/octopus/ui-elements-sliders.html]
[colorlib.com/polygon/octopus/ui-elements-carousels.html]
[colorlib.com/polygon/octopus/ui-elements-accordions.html]
[colorlib.com/polygon/octopus/ui-elements-nestable.html]
[colorlib.com/polygon/octopus/ui-elements-tree-view.html]
[colorlib.com/polygon/octopus/ui-elements-grid-system.html]
[colorlib.com/polygon/octopus/ui-elements-charts.html]
[colorlib.com/polygon/octopus/ui-elements-animations.html]
[colorlib.com/polygon/octopus/ui-elements-extra.html]
[colorlib.com/polygon/octopus/forms-basic.html]
[colorlib.com/polygon/octopus/forms-advanced.html]
[colorlib.com/polygon/octopus/forms-validation.html]
[colorlib.com/polygon/octopus/forms-layouts.html]
[colorlib.com/polygon/octopus/forms-wizard.html]
[colorlib.com/polygon/octopus/forms-code-editor.html]
[colorlib.com/polygon/octopus/tables-basic.html]
[colorlib.com/polygon/octopus/tables-advanced.html]
[colorlib.com/polygon/octopus/tables-responsive.html]
[colorlib.com/polygon/octopus/tables-editable.html]
[colorlib.com/polygon/octopus/tables-ajax.html]
[colorlib.com/polygon/octopus/tables-pricing.html]
[colorlib.com/polygon/octopus/maps-google-maps.html]
[colorlib.com/polygon/octopus/maps-google-maps-builder.html]
[colorlib.com/polygon/octopus/maps-vector.html]
[colorlib.com/polygon/octopus/layouts-default.html]
[colorlib.com/polygon/octopus/layouts-boxed.html]
[colorlib.com/polygon/octopus/layouts-menu-collapsed.html]
[colorlib.com/polygon/octopus/layouts-scroll.html]
[colorlib.com/polygon/octopus/assets/images/projects/project-4.jpg]
[colorlib.com/polygon/octopus/assets/vendor/jquery/jquery.js]
[colorlib.com/polygon/octopus/assets/vendor/jquery-browser-mobile/jquery.browser.mobile.js]
[colorlib.com/polygon/octopus/assets/vendor/bootstrap/js/bootstrap.js]
[colorlib.com/polygon/octopus/assets/vendor/nanoscroller/nanoscroller.js]
[colorlib.com/polygon/octopus/assets/vendor/bootstrap-datepicker/js/bootstrap-datepicker.js]
[colorlib.com/polygon/octopus/assets/vendor/magnific-popup/magnific-popup.js]
[colorlib.com/polygon/octopus/assets/vendor/jquery-placeholder/jquery.placeholder.js]
[colorlib.com/polygon/octopus/assets/vendor/jquery-ui/js/jquery-ui-1.10.4.custom.js]
[colorlib.com/polygon/octopus/assets/vendor/jquery-ui-touch-punch/jquery.ui.touch-punch.js]
[colorlib.com/polygon/octopus/assets/vendor/jquery-appear/jquery.appear.js]
[colorlib.com/polygon/octopus/assets/vendor/bootstrap-multiselect/bootstrap-multiselect.js]
[colorlib.com/polygon/octopus/assets/vendor/jquery-easypiechart/jquery.easypiechart.js]
[colorlib.com/polygon/octopus/assets/vendor/flot/jquery.flot.js]
[colorlib.com/polygon/octopus/assets/vendor/flot-tooltip/jquery.flot.tooltip.js]
[colorlib.com/polygon/octopus/assets/vendor/flot/jquery.flot.pie.js]
[colorlib.com/polygon/octopus/assets/vendor/flot/jquery.flot.categories.js]
[colorlib.com/polygon/octopus/assets/vendor/flot/jquery.flot.resize.js]
[colorlib.com/polygon/octopus/assets/vendor/jquery-sparkline/jquery.sparkline.js]
[colorlib.com/polygon/octopus/assets/vendor/raphael/raphael.js]
[colorlib.com/polygon/octopus/assets/vendor/morris/morris.js]
[colorlib.com/polygon/octopus/assets/vendor/gauge/gauge.js]
[colorlib.com/polygon/octopus/assets/vendor/snap-svg/snap.svg.js]
[colorlib.com/polygon/octopus/assets/vendor/liquid-meter/liquid.meter.js]
[colorlib.com/polygon/octopus/assets/vendor/jqvmap/jquery.vmap.js]
[colorlib.com/polygon/octopus/assets/vendor/jqvmap/data/jquery.vmap.sampledata.js]
[colorlib.com/polygon/octopus/assets/vendor/jqvmap/maps/jquery.vmap.world.js]
[colorlib.com/polygon/octopus/assets/vendor/jqvmap/maps/continents/jquery.vmap.africa.js]
[colorlib.com/polygon/octopus/assets/vendor/jqvmap/maps/continents/jquery.vmap.asia.js]
[colorlib.com/polygon/octopus/assets/vendor/jqvmap/maps/continents/jquery.vmap.australia.js]
[colorlib.com/polygon/octopus/assets/vendor/jqvmap/maps/continents/jquery.vmap.europe.js]
[colorlib.com/polygon/octopus/assets/vendor/jqvmap/maps/continents/jquery.vmap.north-america.js]
[colorlib.com/polygon/octopus/assets/vendor/jqvmap/maps/continents/jquery.vmap.south-america.js]
[colorlib.com/polygon/octopus/assets/javascripts/theme.js]
[colorlib.com/polygon/octopus/assets/javascripts/theme.init.js]
[colorlib.com/polygon/octopus/assets/javascripts/dashboard/examples.dashboard.js]
[colorlib.com/polygon/octopus/index.html]
[ajax.cloudflare.com/cdn-cgi/scripts/7089c43e/cloudflare-static/rocket-loader.min.js]
[colorlib.com/polygon/octopus/assets/vendor/bootstrap/fonts/glyphicons-halflings-regular.eot]
[colorlib.com/polygon/octopus/assets/vendor/bootstrap/fonts/glyphicons-halflings-regulard41d.eot]
[colorlib.com/polygon/octopus/assets/vendor/bootstrap/fonts/glyphicons-halflings-regular.woff]
[colorlib.com/polygon/octopus/assets/vendor/bootstrap/fonts/glyphicons-halflings-regular.ttf]
[colorlib.com/polygon/octopus/assets/vendor/bootstrap/css/bootstrap.css]
[colorlib.com/polygon/octopus/assets/vendor/bootstrap/fonts/glyphicons-halflings-regular.svg]
[colorlib.com/polygon/octopus/assets/vendor/font-awesome/fonts/fontawesome-webfont862f.eot]
[colorlib.com/polygon/octopus/assets/vendor/font-awesome/fonts/fontawesome-webfontd41d.eot]
[colorlib.com/polygon/octopus/assets/vendor/font-awesome/fonts/fontawesome-webfont862f.woff]
[colorlib.com/polygon/octopus/assets/vendor/font-awesome/fonts/fontawesome-webfont862f.ttf]
[colorlib.com/polygon/octopus/assets/vendor/font-awesome/css/font-awesome.css]
[colorlib.com/polygon/octopus/assets/vendor/magnific-popup/magnific-popup.css]
[colorlib.com/polygon/octopus/assets/vendor/bootstrap-datepicker/css/datepicker3.css]
[colorlib.com/polygon/octopus/assets/vendor/font-awesome/fonts/fontawesome-webfont862f.svg]
[colorlib.com/polygon/octopus/assets/vendor/jquery-ui/css/ui-lightness/images/ui-bg_highlight-soft_100_eeeeee_1x100.png]
[colorlib.com/polygon/octopus/assets/vendor/jquery-ui/css/ui-lightness/images/ui-bg_gloss-wave_35_f6a828_500x100.png]
[colorlib.com/polygon/octopus/assets/vendor/jquery-ui/css/ui-lightness/images/ui-bg_glass_100_f6f6f6_1x400.png]
[colorlib.com/polygon/octopus/assets/vendor/jquery-ui/css/ui-lightness/images/ui-bg_glass_100_fdf5ce_1x400.png]
[colorlib.com/polygon/octopus/assets/vendor/jquery-ui/css/ui-lightness/images/ui-bg_glass_65_ffffff_1x400.png]
[colorlib.com/polygon/octopus/assets/vendor/jquery-ui/css/ui-lightness/images/ui-bg_highlight-soft_75_ffe45c_1x100.png]
[colorlib.com/polygon/octopus/assets/vendor/jquery-ui/css/ui-lightness/images/ui-bg_diagonals-thick_18_b81900_40x40.png]
[colorlib.com/polygon/octopus/assets/vendor/jquery-ui/css/ui-lightness/images/ui-icons_222222_256x240.png]
[colorlib.com/polygon/octopus/assets/vendor/jquery-ui/css/ui-lightness/images/ui-icons_ffffff_256x240.png]
[colorlib.com/polygon/octopus/assets/vendor/jquery-ui/css/ui-lightness/images/ui-icons_ef8c08_256x240.png]
[colorlib.com/polygon/octopus/assets/vendor/jquery-ui/css/ui-lightness/images/ui-icons_228ef1_256x240.png]
[colorlib.com/polygon/octopus/assets/vendor/jquery-ui/css/ui-lightness/images/ui-icons_ffd27a_256x240.png]
[colorlib.com/polygon/octopus/assets/vendor/jquery-ui/css/ui-lightness/images/ui-bg_diagonals-thick_20_666666_40x40.png]
[colorlib.com/polygon/octopus/assets/vendor/jquery-ui/css/ui-lightness/images/ui-bg_flat_10_000000_40x100.png]
[colorlib.com/polygon/octopus/assets/vendor/jquery-ui/css/ui-lightness/jquery-ui-1.10.4.custom.css]
[colorlib.com/polygon/octopus/assets/vendor/bootstrap-multiselect/bootstrap-multiselect.css]
[colorlib.com/polygon/octopus/assets/vendor/morris/morris.css]
[colorlib.com/polygon/octopus/assets/images/patterns/denim.png]
[colorlib.com/polygon/octopus/assets/images/arrows.png]
[colorlib.com/polygon/octopus/assets/images/jstree.png]
[colorlib.com/polygon/octopus/assets/images/jstree-dark.png]
[colorlib.com/polygon/octopus/assets/images/patterns/noisy_net.png]
[colorlib.com/polygon/octopus/assets/stylesheets/theme.css]
[colorlib.com/polygon/octopus/assets/stylesheets/skins/default.css]
[colorlib.com/polygon/octopus/assets/stylesheets/theme-custom.css]
[colorlib.com/polygon/octopus/assets/images/post-thumb-1.jpg]
[colorlib.com/polygon/octopus/assets/images/post-thumb-2.jpg]
[colorlib.com/polygon/octopus/assets/images/post-thumb-3.jpg]
[colorlib.com/polygon/octopus/pages-user-profile.html]
[colorlib.com/polygon/octopus/assets/vendor/jquery-autosize/jquery.autosize.js]
[colorlib.com/polygon/octopus/pages-signin.html]
[colorlib.com/polygon/octopus/assets/vendor/summernote/summernote.css]
[colorlib.com/polygon/octopus/assets/vendor/summernote/summernote-bs3.css]
[colorlib.com/polygon/octopus/mailbox-compose.html]
[colorlib.com/polygon/octopus/mailbox-email.html]
[colorlib.com/polygon/octopus/mailbox-folder.html]
[colorlib.com/polygon/octopus/pages-signup.html]
[colorlib.com/polygon/octopus/pages-recover-password.html]
[colorlib.com/polygon/octopus/assets/vendor/summernote/summernote.js]
[colorlib.com/polygon/octopus/pages-lock-screen.html]
[colorlib.com/cdn-cgi/scripts/5c5dd728/cloudflare-static/email-decode.min.js]
[colorlib.com/polygon/octopus/assets/vendor/jquery-idletimer/dist/idle-timer.js]
[colorlib.com/polygon/octopus/assets/javascripts/pages/examples.lockscreen.js]
[colorlib.com/polygon/octopus/pages-session-timeout.html]
[colorlib.com/polygon/octopus/assets/javascripts/pages/examples.session.timeout.js]
[colorlib.com/polygon/octopus/assets/vendor/fullcalendar/fullcalendar.css]
[colorlib.com/polygon/octopus/assets/vendor/fullcalendar/fullcalendar.print.css]
[colorlib.com/polygon/octopus/assets/vendor/fullcalendar/lib/moment.min.js]
[colorlib.com/polygon/octopus/assets/vendor/fullcalendar/fullcalendar.js]
[colorlib.com/polygon/octopus/pages-calendar.html]
[colorlib.com/polygon/octopus/assets/javascripts/pages/examples.calendar.js]
[colorlib.com/polygon/octopus/assets/images/projects/project-3.jpg]
[colorlib.com/polygon/octopus/assets/images/projects/project-2.jpg]
[colorlib.com/polygon/octopus/assets/vendor/gmaps/gmaps.js]
[colorlib.com/polygon/octopus/pages-timeline.html]
[colorlib.com/polygon/octopus/assets/javascripts/pages/examples.timeline.js]
[colorlib.com/polygon/octopus/assets/vendor/isotope/jquery.isotope.css]
[colorlib.com/polygon/octopus/assets/images/projects/project-1.jpg]
[colorlib.com/polygon/octopus/assets/images/projects/project-5.jpg]
[colorlib.com/polygon/octopus/assets/images/projects/project-6.jpg]
[colorlib.com/polygon/octopus/assets/images/projects/project-7.jpg]
[colorlib.com/polygon/octopus/assets/vendor/isotope/jquery.isotope.js]
[colorlib.com/polygon/octopus/pages-media-gallery.html]
[colorlib.com/polygon/octopus/assets/javascripts/pages/examples.mediagallery.js]
[colorlib.com/polygon/octopus/assets/images/invoice-logo.png]
[colorlib.com/polygon/octopus/pages-invoice.html]
[colorlib.com/polygon/octopus/pages-blank.html]
[colorlib.com/polygon/octopus/pages-404.html]
[colorlib.com/polygon/octopus/pages-500.html]
[colorlib.com/polygon/octopus/pages-log-viewer.html]
[colorlib.com/polygon/octopus/pages-search-results.html]
[colorlib.com/polygon/octopus/ui-elements-typography.html]
[colorlib.com/polygon/octopus/ui-elements-icons.html]
[colorlib.com/polygon/octopus/ui-elements-tabs.html]
[colorlib.com/polygon/octopus/ui-elements-panels.html]
[colorlib.com/polygon/octopus/pages-invoice-print.html]
[colorlib.com/polygon/octopus/assets/vendor/owl-carousel/owl.carousel.css]
[colorlib.com/polygon/octopus/assets/vendor/owl-carousel/owl.theme.css]
[colorlib.com/polygon/octopus/assets/images/widget-twitter-profile.jpg]
[colorlib.com/polygon/octopus/assets/images/blog-image-3.jpg]
[colorlib.com/polygon/octopus/assets/images/blog-image-2.jpg]
[colorlib.com/polygon/octopus/assets/images/blog-image-1.jpg]
[colorlib.com/polygon/octopus/assets/vendor/owl-carousel/owl.carousel.js]
[colorlib.com/polygon/octopus/ui-elements-widgets.html]
[colorlib.com/polygon/octopus/assets/javascripts/ui-elements/examples.widgets.js]
[colorlib.com/polygon/octopus/assets/vendor/store-js/store.js]
[colorlib.com/polygon/octopus/ui-elements-portlets.html]
[colorlib.com/polygon/octopus/ui-elements-buttons.html]
[colorlib.com/polygon/octopus/ui-elements-alerts.html]
[colorlib.com/polygon/octopus/assets/javascripts/ui-elements/examples.portlets.js]
[colorlib.com/polygon/octopus/assets/vendor/pnotify/pnotify.custom.css]
[colorlib.com/polygon/octopus/assets/vendor/pnotify/pnotify.custom.js]
[colorlib.com/polygon/octopus/ui-elements-notifications.html]
[colorlib.com/polygon/octopus/assets/javascripts/ui-elements/examples.notifications.js]
[colorlib.com/polygon/octopus/assets/ajax/ui-elements-modals-ajax.html]
[colorlib.com/polygon/octopus/ui-elements-modals.html]
[colorlib.com/polygon/octopus/assets/javascripts/ui-elements/examples.modals.js]
[colorlib.com/polygon/octopus/assets/images/projects/project.jpg]
[colorlib.com/polygon/octopus/assets/ajax/ui-elements-lightbox-ajax.html]
[colorlib.com/polygon/octopus/ui-elements-lightbox.html]
[colorlib.com/polygon/octopus/ui-elements-progressbars.html]
[colorlib.com/polygon/octopus/ui-elements-sliders.html]
[colorlib.com/polygon/octopus/ui-elements-carousels.html]
[colorlib.com/polygon/octopus/ui-elements-accordions.html]
[colorlib.com/polygon/octopus/assets/javascripts/ui-elements/examples.lightbox.js]
[colorlib.com/polygon/octopus/assets/vendor/jquery-nestable/jquery.nestable.js]
[colorlib.com/polygon/octopus/ui-elements-nestable.html]
[colorlib.com/polygon/octopus/assets/javascripts/ui-elements/examples.nestable.js]
[colorlib.com/polygon/octopus/assets/vendor/jstree/themes/default/style.css]
[colorlib.com/polygon/octopus/assets/vendor/jstree/jstree.js]
[colorlib.com/polygon/octopus/ui-elements-tree-view.html]
[colorlib.com/polygon/octopus/ui-elements-grid-system.html]
[colorlib.com/polygon/octopus/assets/javascripts/ui-elements/examples.treeview.js]
[colorlib.com/polygon/octopus/ui-elements-charts.html]
[colorlib.com/polygon/octopus/assets/javascripts/ui-elements/examples.charts.js]
[colorlib.com/polygon/octopus/assets/images/device.png]
[colorlib.com/polygon/octopus/ui-elements-animations.html]
[colorlib.com/polygon/octopus/ui-elements-extra.html]
[colorlib.com/polygon/octopus/assets/vendor/bootstrap-fileupload/bootstrap-fileupload.min.css]
[colorlib.com/polygon/octopus/forms-basic.html]
[colorlib.com/polygon/octopus/assets/vendor/bootstrap-fileupload/bootstrap-fileupload.min.js]
[colorlib.com/polygon/octopus/assets/vendor/select2/select2.css]
[colorlib.com/polygon/octopus/assets/vendor/bootstrap-tagsinput/bootstrap-tagsinput.css]
[colorlib.com/polygon/octopus/assets/vendor/bootstrap-colorpicker/css/bootstrap-colorpicker.css]
[colorlib.com/polygon/octopus/assets/vendor/bootstrap-timepicker/css/bootstrap-timepicker.css]
[colorlib.com/polygon/octopus/assets/vendor/dropzone/css/basic.css]
[colorlib.com/polygon/octopus/assets/vendor/dropzone/css/dropzone.css]
[colorlib.com/polygon/octopus/assets/vendor/bootstrap-markdown/css/bootstrap-markdown.min.css]
[colorlib.com/polygon/octopus/assets/vendor/codemirror/lib/codemirror.css]
[colorlib.com/polygon/octopus/assets/vendor/codemirror/theme/monokai.css]
[colorlib.com/polygon/octopus/assets/vendor/select2/select2.js]
[colorlib.com/polygon/octopus/assets/vendor/jquery-maskedinput/jquery.maskedinput.js]
[colorlib.com/polygon/octopus/assets/vendor/bootstrap-tagsinput/bootstrap-tagsinput.js]
[colorlib.com/polygon/octopus/assets/vendor/bootstrap-colorpicker/js/bootstrap-colorpicker.js]
[colorlib.com/polygon/octopus/assets/vendor/bootstrap-timepicker/js/bootstrap-timepicker.js]
[colorlib.com/polygon/octopus/assets/vendor/fuelux/js/spinner.js]
[colorlib.com/polygon/octopus/assets/vendor/dropzone/dropzone.js]
[colorlib.com/polygon/octopus/assets/vendor/bootstrap-markdown/js/markdown.js]
[colorlib.com/polygon/octopus/assets/vendor/bootstrap-markdown/js/to-markdown.js]
[colorlib.com/polygon/octopus/assets/vendor/bootstrap-markdown/js/bootstrap-markdown.js]
[colorlib.com/polygon/octopus/assets/vendor/codemirror/addon/selection/active-line.js]
[colorlib.com/polygon/octopus/assets/vendor/codemirror/lib/codemirror.js]
[colorlib.com/polygon/octopus/assets/vendor/codemirror/addon/edit/matchbrackets.js]
[colorlib.com/polygon/octopus/assets/vendor/codemirror/mode/javascript/javascript.js]
[colorlib.com/polygon/octopus/assets/vendor/codemirror/mode/xml/xml.js]
[colorlib.com/polygon/octopus/assets/vendor/codemirror/mode/htmlmixed/htmlmixed.js]
[colorlib.com/polygon/octopus/assets/vendor/codemirror/mode/css/css.js]
[colorlib.com/polygon/octopus/assets/vendor/bootstrap-maxlength/bootstrap-maxlength.js]
[colorlib.com/polygon/octopus/assets/vendor/ios7-switch/ios7-switch.js]
[colorlib.com/polygon/octopus/forms-advanced.html]
[colorlib.com/polygon/octopus/assets/javascripts/forms/examples.advanced.form.js]
[colorlib.com/polygon/octopus/assets/vendor/jquery-validation/jquery.validate.js]
[colorlib.com/polygon/octopus/forms-validation.html]
[colorlib.com/polygon/octopus/forms-layouts.html]
[colorlib.com/polygon/octopus/assets/javascripts/forms/examples.validation.js]
[colorlib.com/polygon/octopus/assets/vendor/bootstrap-wizard/jquery.bootstrap.wizard.js]
[colorlib.com/polygon/octopus/forms-wizard.html]
[colorlib.com/polygon/octopus/forms-code-editor.html]
[colorlib.com/polygon/octopus/tables-basic.html]
[colorlib.com/polygon/octopus/assets/javascripts/forms/examples.wizard.js]
[colorlib.com/polygon/octopus/assets/vendor/jquery-datatables-bs3/assets/css/datatables.css]
[colorlib.com/polygon/octopus/assets/vendor/jquery-datatables/extras/TableTools/swf/copy_csv_xls_pdf.swf]
[colorlib.com/polygon/octopus/assets/vendor/jquery-datatables/media/js/jquery.dataTables.js]
[colorlib.com/polygon/octopus/assets/vendor/jquery-datatables/extras/TableTools/js/dataTables.tableTools.min.js]
[colorlib.com/polygon/octopus/assets/vendor/jquery-datatables-bs3/assets/js/datatables.js]
[colorlib.com/polygon/octopus/assets/javascripts/tables/examples.datatables.default.js]
[colorlib.com/polygon/octopus/assets/javascripts/tables/examples.datatables.row.with.details.js]
[colorlib.com/polygon/octopus/tables-advanced.html]
[colorlib.com/polygon/octopus/tables-responsive.html]
[colorlib.com/polygon/octopus/assets/javascripts/tables/examples.datatables.tabletools.js]
[colorlib.com/polygon/octopus/tables-editable.html]
[colorlib.com/polygon/octopus/assets/javascripts/tables/examples.datatables.editable.js]
[colorlib.com/polygon/octopus/tables-ajax.html]
[colorlib.com/polygon/octopus/tables-pricing.html]
[colorlib.com/polygon/octopus/assets/javascripts/tables/examples.datatables.ajax.js]
[colorlib.com/polygon/octopus/maps-google-maps.html]
[colorlib.com/polygon/octopus/assets/javascripts/maps/examples.gmap.js]
[colorlib.com/polygon/octopus/assets/javascripts/maps/snazzy.themes.js]
[colorlib.com/polygon/octopus/maps-google-maps-builder.html]
[colorlib.com/polygon/octopus/assets/javascripts/maps/examples.map.builder.js]
[colorlib.com/polygon/octopus/assets/vendor/jqvmap/jqvmap.css]
[colorlib.com/polygon/octopus/maps-vector.html]
[colorlib.com/polygon/octopus/layouts-default.html]
[colorlib.com/polygon/octopus/layouts-boxed.html]
[colorlib.com/polygon/octopus/layouts-menu-collapsed.html]
[colorlib.com/polygon/octopus/layouts-scroll.html]
[colorlib.com/polygon/octopus/assets/javascripts/theme.custom.js]
[colorlib.com/polygon/octopus/assets/vendor/bootstrap/fonts/glyphicons-halflings-regular.svg]
[colorlib.com/polygon/octopus/assets/vendor/font-awesome/fonts/fontawesome-webfont862f.svg]
[colorlib.com/polygon/octopus/assets/vendor/summernote/summernote.css]
[colorlib.com/polygon/octopus/assets/javascripts/maps/examples.vector.maps.js]
[colorlib.com/polygon/octopus/assets/vendor/fonts/glyphicons-halflings-regular.eot]
[colorlib.com/polygon/octopus/assets/vendor/fonts/glyphicons-halflings-regulard41d.eot]
[colorlib.com/polygon/octopus/assets/vendor/fonts/glyphicons-halflings-regular.woff]
[colorlib.com/polygon/octopus/assets/vendor/fonts/glyphicons-halflings-regular.ttf]
[colorlib.com/polygon/octopus/assets/vendor/fonts/glyphicons-halflings-regular.svg]
[colorlib.com/polygon/octopus/assets/vendor/summernote/summernote-bs3.css]
[colorlib.com/polygon/octopus/mailbox-compose.html]
[colorlib.com/polygon/octopus/mailbox-email.html]
[colorlib.com/polygon/octopus/assets/vendor/fullcalendar/fullcalendar.css]
[colorlib.com/polygon/octopus/assets/vendor/fullcalendar/fullcalendar.print.css]
[colorlib.com/polygon/octopus/assets/vendor/isotope/jquery.isotope.css]
[colorlib.com/polygon/octopus/pages-invoice-print.html]
[colorlib.com/polygon/octopus/assets/stylesheets/invoice-print.css]
[colorlib.com/polygon/octopus/assets/vendor/owl-carousel/grabbing.png]
[colorlib.com/polygon/octopus/assets/vendor/owl-carousel/owl.carousel.css]
[colorlib.com/polygon/octopus/assets/vendor/owl-carousel/AjaxLoader.gif]
[colorlib.com/polygon/octopus/assets/vendor/owl-carousel/owl.theme.css]
[colorlib.com/polygon/octopus/assets/vendor/pnotify/pnotify.custom.css]
[colorlib.com/polygon/octopus/assets/ajax/assets/images/projects/project-1.jpg]
[colorlib.com/polygon/octopus/assets/ajax/ui-elements-modals-ajax.html]
[colorlib.com/polygon/octopus/assets/ajax/ui-elements-lightbox-ajax.html]
[colorlib.com/polygon/octopus/assets/vendor/jstree/themes/default/32px.png]
[colorlib.com/polygon/octopus/assets/vendor/jstree/themes/default/throbber.gif]
[colorlib.com/polygon/octopus/assets/vendor/jstree/themes/default/40px.png]
[colorlib.com/polygon/octopus/assets/vendor/jstree/themes/default/style.css]
[colorlib.com/polygon/octopus/assets/vendor/bootstrap-fileupload/bootstrap-fileupload.min.css]
[colorlib.com/polygon/octopus/assets/vendor/select2/select2.png]
[colorlib.com/polygon/octopus/assets/vendor/select2/select2-spinner.gif]
[colorlib.com/polygon/octopus/assets/vendor/select2/select2x2.png]
[colorlib.com/polygon/octopus/assets/vendor/select2/select2.css]
[colorlib.com/polygon/octopus/assets/vendor/bootstrap-tagsinput/bootstrap-tagsinput.css]
[colorlib.com/polygon/octopus/assets/vendor/bootstrap-colorpicker/img/bootstrap-colorpicker/saturation.png]
[colorlib.com/polygon/octopus/assets/vendor/bootstrap-colorpicker/img/bootstrap-colorpicker/hue.png]
[colorlib.com/polygon/octopus/assets/vendor/bootstrap-colorpicker/img/bootstrap-colorpicker/alpha.png]
[colorlib.com/polygon/octopus/assets/vendor/bootstrap-colorpicker/img/bootstrap-colorpicker/hue-horizontal.png]
[colorlib.com/polygon/octopus/assets/vendor/bootstrap-colorpicker/img/bootstrap-colorpicker/alpha-horizontal.png]
[colorlib.com/polygon/octopus/assets/vendor/bootstrap-colorpicker/css/bootstrap-colorpicker.css]
[colorlib.com/polygon/octopus/assets/vendor/bootstrap-timepicker/css/bootstrap-timepicker.css]
[colorlib.com/polygon/octopus/assets/vendor/dropzone/css/basic.css]
[colorlib.com/polygon/octopus/assets/vendor/dropzone/images/spritemap.png]
[colorlib.com/polygon/octopus/assets/vendor/dropzone/images/spritemap@2x.png]
[colorlib.com/polygon/octopus/assets/vendor/dropzone/css/dropzone.css]
[colorlib.com/polygon/octopus/assets/vendor/bootstrap-markdown/css/bootstrap-markdown.min.css]
[colorlib.com/polygon/octopus/assets/vendor/codemirror/lib/codemirror.css]
[colorlib.com/polygon/octopus/assets/vendor/codemirror/theme/monokai.css]
[colorlib.com/polygon/octopus/assets/vendor/jquery-datatables-bs3/assets/images/sort_both.png]
[colorlib.com/polygon/octopus/assets/vendor/jquery-datatables-bs3/assets/images/sort_asc.png]
[colorlib.com/polygon/octopus/assets/vendor/jquery-datatables-bs3/assets/images/sort_desc.png]
[colorlib.com/polygon/octopus/assets/vendor/jquery-datatables-bs3/assets/images/sort_asc_disabled.png]
[colorlib.com/polygon/octopus/assets/vendor/jquery-datatables-bs3/assets/images/sort_desc_disabled.png]
[colorlib.com/polygon/octopus/assets/vendor/jquery-datatables-bs3/assets/css/datatables.css]
[colorlib.com/polygon/octopus/assets/vendor/jqvmap/jqvmap.css]
[colorlib.com/polygon/octopus/assets/vendor/fonts/glyphicons-halflings-regular.html]
[colorlib.com/polygon/octopus/assets/vendor/fonts/glyphicons-halflings-regulard41d.html]
[colorlib.com/polygon/octopus/assets/vendor/fonts/glyphicons-halflings-regular-2.html]
[colorlib.com/polygon/octopus/assets/vendor/fonts/glyphicons-halflings-regular-3.html]
[colorlib.com/polygon/octopus/assets/vendor/fonts/glyphicons-halflings-regular-4.html]
[colorlib.com/polygon/octopus/assets/stylesheets/invoice-print.css]
[colorlib.com/polygon/octopus/assets/ajax/assets/images/projects/project-1.html]
